<?xml version="1.0" encoding="UTF-8"?>
<!-- Generated by org.testng.reporters.JUnitXMLReporter -->
<testsuite hostname="LAPTOP-3DNME7KP" name="B" tests="1" failures="1" timestamp="30 Nov 2019 08:38:13 GMT" time="12.132" errors="0">
  <testcase name="testLoginB" time="0.003" classname="com.uIFrameWork.B">
    <failure type="java.lang.AssertionError" message="expected [true] but found [false]">
      <![CDATA[java.lang.AssertionError: expected [true] but found [false]
	at com.uIFrameWork.B.testLoginB(B.java:17)
... Removed 28 stack frames]]>
    </failure>
  </testcase> <!-- testLoginB -->
</testsuite> <!-- B -->
