<?xml version="1.0" encoding="UTF-8"?>
<!-- Generated by org.testng.reporters.JUnitXMLReporter -->
<testsuite hostname="LAPTOP-3DNME7KP" name="C" tests="1" failures="1" timestamp="30 Nov 2019 08:38:25 GMT" time="11.796" errors="0">
  <testcase name="testLoginC" time="0.003" classname="com.uIFrameWork.C">
    <failure type="java.lang.AssertionError" message="expected [true] but found [false]">
      <![CDATA[java.lang.AssertionError: expected [true] but found [false]
	at com.uIFrameWork.C.testLoginC(C.java:17)
... Removed 28 stack frames]]>
    </failure>
  </testcase> <!-- testLoginC -->
</testsuite> <!-- C -->
