<?xml version="1.0" encoding="UTF-8"?>
<!-- Generated by org.testng.reporters.JUnitXMLReporter -->
<testsuite hostname="LAPTOP-3DNME7KP" name="SecondTest" tests="1" failures="1" timestamp="30 Nov 2019 07:33:36 GMT" time="0.022" errors="0">
  <testcase name="testLoginB" time="0.004" classname="com.uIFrameWork.B">
    <failure type="java.lang.AssertionError" message="expected [true] but found [false]">
      <![CDATA[java.lang.AssertionError: expected [true] but found [false]
	at com.uIFrameWork.B.testLoginB(B.java:15)
... Removed 28 stack frames]]>
    </failure>
  </testcase> <!-- testLoginB -->
</testsuite> <!-- SecondTest -->
