<?xml version="1.0" encoding="UTF-8"?>
<!-- Generated by org.testng.reporters.JUnitXMLReporter -->
<testsuite hostname="LAPTOP-3DNME7KP" name="ThirdTest" tests="1" failures="1" timestamp="30 Nov 2019 07:33:36 GMT" time="0.026" errors="0">
  <testcase name="testLoginC" time="0.02" classname="com.uIFrameWork.C">
    <failure type="java.lang.AssertionError" message="expected [true] but found [false]">
      <![CDATA[java.lang.AssertionError: expected [true] but found [false]
	at com.uIFrameWork.C.testLoginC(C.java:15)
... Removed 28 stack frames]]>
    </failure>
  </testcase> <!-- testLoginC -->
</testsuite> <!-- ThirdTest -->
