<?xml version="1.0" encoding="UTF-8"?>
<!-- Generated by org.testng.reporters.JUnitXMLReporter -->
<testsuite hostname="LAPTOP-3DNME7KP" name="Default test" tests="3" failures="0" timestamp="4 Dec 2019 11:21:45 GMT" time="67.276" errors="0">
  <testcase name="logInTestWithDatadriven" time="14.445" classname="com.uIFrameWork.companyName.projectNmae.testScript.LogInPage.LogInTestWithDatadrivenApproach"/>
  <testcase name="logInTestWithDatadriven" time="11.466" classname="com.uIFrameWork.companyName.projectNmae.testScript.LogInPage.LogInTestWithDatadrivenApproach"/>
  <testcase name="logInTestWithDatadriven" time="11.971" classname="com.uIFrameWork.companyName.projectNmae.testScript.LogInPage.LogInTestWithDatadrivenApproach"/>
</testsuite> <!-- Default test -->
