<?xml version="1.0" encoding="UTF-8"?>
<!-- Generated by org.testng.reporters.JUnitXMLReporter -->
<testsuite hostname="LAPTOP-3DNME7KP" name="Test" tests="8" failures="4" timestamp="28 Nov 2019 18:08:24 GMT" time="1.23" errors="0">
  <testcase name="testLogin" time="0.17" classname="com.uIFrameWork.companyName.projectNmae.testScript.Test1"/>
  <testcase name="testLogin1" time="0.004" classname="com.uIFrameWork.companyName.projectNmae.testScript.Test1">
    <failure type="java.lang.AssertionError" message="expected [true] but found [false]">
      <![CDATA[java.lang.AssertionError: expected [true] but found [false]
	at com.uIFrameWork.companyName.projectNmae.hepler.assertions.AssertionHealper.makeFail(AssertionHealper.java:30)
	at com.uIFrameWork.companyName.projectNmae.testScript.Test1.testLogin1(Test1.java:18)
... Removed 28 stack frames]]>
    </failure>
  </testcase> <!-- testLogin1 -->
  <testcase name="testLogin2" time="0.003" classname="com.uIFrameWork.companyName.projectNmae.testScript.Test1"/>
  <testcase name="testLogin3" time="0.002" classname="com.uIFrameWork.companyName.projectNmae.testScript.Test1">
    <failure type="java.lang.AssertionError" message="expected [true] but found [false]">
      <![CDATA[java.lang.AssertionError: expected [true] but found [false]
	at com.uIFrameWork.companyName.projectNmae.hepler.assertions.AssertionHealper.makeFail(AssertionHealper.java:30)
	at com.uIFrameWork.companyName.projectNmae.testScript.Test1.testLogin3(Test1.java:28)
... Removed 28 stack frames]]>
    </failure>
  </testcase> <!-- testLogin3 -->
  <testcase name="testLogin" time="0.002" classname="com.uIFrameWork.companyName.projectNmae.testScript.Test2"/>
  <testcase name="testLogin1" time="0.003" classname="com.uIFrameWork.companyName.projectNmae.testScript.Test2">
    <failure type="java.lang.AssertionError" message="expected [true] but found [false]">
      <![CDATA[java.lang.AssertionError: expected [true] but found [false]
	at com.uIFrameWork.companyName.projectNmae.hepler.assertions.AssertionHealper.makeFail(AssertionHealper.java:30)
	at com.uIFrameWork.companyName.projectNmae.testScript.Test2.testLogin1(Test2.java:18)
... Removed 28 stack frames]]>
    </failure>
  </testcase> <!-- testLogin1 -->
  <testcase name="testLogin2" time="0.003" classname="com.uIFrameWork.companyName.projectNmae.testScript.Test2"/>
  <testcase name="testLogin3" time="0.007" classname="com.uIFrameWork.companyName.projectNmae.testScript.Test2">
    <failure type="java.lang.AssertionError" message="expected [true] but found [false]">
      <![CDATA[java.lang.AssertionError: expected [true] but found [false]
	at com.uIFrameWork.companyName.projectNmae.hepler.assertions.AssertionHealper.makeFail(AssertionHealper.java:30)
	at com.uIFrameWork.companyName.projectNmae.testScript.Test2.testLogin3(Test2.java:28)
... Removed 28 stack frames]]>
    </failure>
  </testcase> <!-- testLogin3 -->
</testsuite> <!-- Test -->
