<?xml version="1.0" encoding="UTF-8"?>
<testsuite xmlns:xsi="http://www.w3.org/2001/XMLSchema-instance" xsi:noNamespaceSchemaLocation="https://maven.apache.org/surefire/maven-surefire-plugin/xsd/surefire-test-report-3.0.xsd" version="3.0" name="TestSuite" time="84.266" tests="2" errors="0" skipped="0" failures="0">
  <properties>
[...]
</properties>
  <testcase name="testLoginToApplication" classname="com.uIFrameWork.companyName.projectNmae.testScript.LogInPage.LoginTest" time="22.723"/>
  <testcase name="testRegistrationTest" classname="com.uIFrameWork.companyName.projectNmae.testScript.RegistrationPage.RegistrationTest" time="30.4"/>
</testsuite>